<?xml version="1.0" encoding="UTF-8"?>
<!-- Generated by org.testng.reporters.JUnitXMLReporter -->
<testsuite ignored="0" hostname="DESKTOP-T49BQB4" failures="0" tests="9" name="Default test" time="18.682" errors="0" timestamp="2023-01-30T17:48:04 IST">
  <testcase classname="cancelAPI.UpdateAPI" name="updateValue" time="4.41"/>
  <testcase classname="cancelAPI.UpdateAPI" name="updateValue" time="1.317"/>
  <testcase classname="cancelAPI.UpdateAPI" name="updateValue" time="1.116"/>
  <testcase classname="cancelAPI.UpdateAPI" name="updateValue" time="1.403"/>
  <testcase classname="cancelAPI.UpdateAPI" name="updateValue" time="1.79"/>
  <testcase classname="cancelAPI.UpdateAPI" name="updateValue" time="1.198"/>
  <testcase classname="cancelAPI.UpdateAPI" name="updateValue" time="1.367"/>
  <testcase classname="cancelAPI.UpdateAPI" name="updateValue" time="1.085"/>
  <testcase classname="cancelAPI.UpdateAPI" name="updateValue" time="1.103"/>
</testsuite> <!-- Default test -->
