<?xml version="1.0" encoding="UTF-8"?>
<testng-results ignored="0" total="9" passed="9" failed="0" skipped="0">
  <reporter-output>
  </reporter-output>
  <suite started-at="2023-01-30T17:47:46 IST" name="Default suite" finished-at="2023-01-30T17:48:04 IST" duration-ms="18682">
    <groups>
    </groups>
    <test started-at="2023-01-30T17:47:46 IST" name="Default test" finished-at="2023-01-30T17:48:04 IST" duration-ms="18682">
      <class name="cancelAPI.UpdateAPI">
        <test-method is-config="true" signature="preReq()[pri:0, instance:cancelAPI.UpdateAPI@66f57048]" started-at="2023-01-30T17:47:46 IST" name="preReq" finished-at="2023-01-30T17:47:46 IST" duration-ms="699" status="PASS">
          <reporter-output>
          </reporter-output>
        </test-method> <!-- preReq -->
        <test-method signature="updateValue(java.lang.String,java.lang.String,java.lang.String,java.lang.String,java.lang.String,java.lang.String,java.lang.String,java.lang.String,java.lang.String,java.lang.String,java.lang.String)[pri:0, instance:cancelAPI.UpdateAPI@66f57048]" started-at="2023-01-30T17:47:50 IST" name="updateValue" data-provider="updatexlsxdata" finished-at="2023-01-30T17:47:54 IST" duration-ms="4410" status="PASS">
          <params>
            <param index="0">
              <value>
                <![CDATA[BIZ-FUR-101-23D4-33220528]]>
              </value>
            </param>
            <param index="1">
              <value>
                <![CDATA[135]]>
              </value>
            </param>
            <param index="2">
              <value>
                <![CDATA[536]]>
              </value>
            </param>
            <param index="3">
              <value>
                <![CDATA[536]]>
              </value>
            </param>
            <param index="4">
              <value>
                <![CDATA[536]]>
              </value>
            </param>
            <param index="5">
              <value>
                <![CDATA[yes]]>
              </value>
            </param>
            <param index="6">
              <value>
                <![CDATA[yes]]>
              </value>
            </param>
            <param index="7">
              <value>
                <![CDATA[yes]]>
              </value>
            </param>
            <param index="8">
              <value>
                <![CDATA[yes]]>
              </value>
            </param>
            <param index="9">
              <value>
                <![CDATA[yes]]>
              </value>
            </param>
            <param index="10">
              <value>
                <![CDATA[yes]]>
              </value>
            </param>
          </params>
          <reporter-output>
          </reporter-output>
        </test-method> <!-- updateValue -->
        <test-method signature="updateValue(java.lang.String,java.lang.String,java.lang.String,java.lang.String,java.lang.String,java.lang.String,java.lang.String,java.lang.String,java.lang.String,java.lang.String,java.lang.String)[pri:0, instance:cancelAPI.UpdateAPI@66f57048]" started-at="2023-01-30T17:47:54 IST" name="updateValue" data-provider="updatexlsxdata" finished-at="2023-01-30T17:47:55 IST" duration-ms="1317" status="PASS">
          <params>
            <param index="0">
              <value>
                <![CDATA[TCQ-MOB-101-8BB0-33478288]]>
              </value>
            </param>
            <param index="1">
              <value is-null="true"/>
            </param>
            <param index="2">
              <value>
                <![CDATA[23333]]>
              </value>
            </param>
            <param index="3">
              <value is-null="true"/>
            </param>
            <param index="4">
              <value is-null="true"/>
            </param>
            <param index="5">
              <value>
                <![CDATA[yes]]>
              </value>
            </param>
            <param index="6">
              <value is-null="true"/>
            </param>
            <param index="7">
              <value>
                <![CDATA[yes]]>
              </value>
            </param>
            <param index="8">
              <value is-null="true"/>
            </param>
            <param index="9">
              <value is-null="true"/>
            </param>
            <param index="10">
              <value is-null="true"/>
            </param>
          </params>
          <reporter-output>
          </reporter-output>
        </test-method> <!-- updateValue -->
        <test-method signature="updateValue(java.lang.String,java.lang.String,java.lang.String,java.lang.String,java.lang.String,java.lang.String,java.lang.String,java.lang.String,java.lang.String,java.lang.String,java.lang.String)[pri:0, instance:cancelAPI.UpdateAPI@66f57048]" started-at="2023-01-30T17:47:55 IST" name="updateValue" data-provider="updatexlsxdata" finished-at="2023-01-30T17:47:56 IST" duration-ms="1116" status="PASS">
          <params>
            <param index="0">
              <value>
                <![CDATA[BIZ-FUR-101-5962-33542246]]>
              </value>
            </param>
            <param index="1">
              <value>
                <![CDATA[333387]]>
              </value>
            </param>
            <param index="2">
              <value is-null="true"/>
            </param>
            <param index="3">
              <value>
                <![CDATA[78333]]>
              </value>
            </param>
            <param index="4">
              <value is-null="true"/>
            </param>
            <param index="5">
              <value is-null="true"/>
            </param>
            <param index="6">
              <value>
                <![CDATA[no]]>
              </value>
            </param>
            <param index="7">
              <value is-null="true"/>
            </param>
            <param index="8">
              <value>
                <![CDATA[no]]>
              </value>
            </param>
            <param index="9">
              <value is-null="true"/>
            </param>
            <param index="10">
              <value>
                <![CDATA[no]]>
              </value>
            </param>
          </params>
          <reporter-output>
          </reporter-output>
        </test-method> <!-- updateValue -->
        <test-method signature="updateValue(java.lang.String,java.lang.String,java.lang.String,java.lang.String,java.lang.String,java.lang.String,java.lang.String,java.lang.String,java.lang.String,java.lang.String,java.lang.String)[pri:0, instance:cancelAPI.UpdateAPI@66f57048]" started-at="2023-01-30T17:47:56 IST" name="updateValue" data-provider="updatexlsxdata" finished-at="2023-01-30T17:47:58 IST" duration-ms="1403" status="PASS">
          <params>
            <param index="0">
              <value>
                <![CDATA[BIZ-FUR-101-D6C8-33540675]]>
              </value>
            </param>
            <param index="1">
              <value is-null="true"/>
            </param>
            <param index="2">
              <value>
                <![CDATA[356]]>
              </value>
            </param>
            <param index="3">
              <value is-null="true"/>
            </param>
            <param index="4">
              <value>
                <![CDATA[3873783]]>
              </value>
            </param>
            <param index="5">
              <value>
                <![CDATA[no]]>
              </value>
            </param>
            <param index="6">
              <value is-null="true"/>
            </param>
            <param index="7">
              <value>
                <![CDATA[no]]>
              </value>
            </param>
            <param index="8">
              <value is-null="true"/>
            </param>
            <param index="9">
              <value>
                <![CDATA[yes]]>
              </value>
            </param>
            <param index="10">
              <value is-null="true"/>
            </param>
          </params>
          <reporter-output>
          </reporter-output>
        </test-method> <!-- updateValue -->
        <test-method signature="updateValue(java.lang.String,java.lang.String,java.lang.String,java.lang.String,java.lang.String,java.lang.String,java.lang.String,java.lang.String,java.lang.String,java.lang.String,java.lang.String)[pri:0, instance:cancelAPI.UpdateAPI@66f57048]" started-at="2023-01-30T17:47:58 IST" name="updateValue" data-provider="updatexlsxdata" finished-at="2023-01-30T17:48:00 IST" duration-ms="1790" status="PASS">
          <params>
            <param index="0">
              <value>
                <![CDATA[BIZ-WM-101-09394176D78]]>
              </value>
            </param>
            <param index="1">
              <value>
                <![CDATA[4646]]>
              </value>
            </param>
            <param index="2">
              <value>
                <![CDATA[38383]]>
              </value>
            </param>
            <param index="3">
              <value>
                <![CDATA[532]]>
              </value>
            </param>
            <param index="4">
              <value>
                <![CDATA[3883]]>
              </value>
            </param>
            <param index="5">
              <value>
                <![CDATA[no]]>
              </value>
            </param>
            <param index="6">
              <value>
                <![CDATA[no]]>
              </value>
            </param>
            <param index="7">
              <value>
                <![CDATA[no]]>
              </value>
            </param>
            <param index="8">
              <value>
                <![CDATA[no]]>
              </value>
            </param>
            <param index="9">
              <value>
                <![CDATA[no]]>
              </value>
            </param>
            <param index="10">
              <value>
                <![CDATA[no]]>
              </value>
            </param>
          </params>
          <reporter-output>
          </reporter-output>
        </test-method> <!-- updateValue -->
        <test-method signature="updateValue(java.lang.String,java.lang.String,java.lang.String,java.lang.String,java.lang.String,java.lang.String,java.lang.String,java.lang.String,java.lang.String,java.lang.String,java.lang.String)[pri:0, instance:cancelAPI.UpdateAPI@66f57048]" started-at="2023-01-30T17:48:00 IST" name="updateValue" data-provider="updatexlsxdata" finished-at="2023-01-30T17:48:01 IST" duration-ms="1198" status="PASS">
          <params>
            <param index="0">
              <value>
                <![CDATA[SER-WM-101-09391904867]]>
              </value>
            </param>
            <param index="1">
              <value>
                <![CDATA[337]]>
              </value>
            </param>
            <param index="2">
              <value is-null="true"/>
            </param>
            <param index="3">
              <value>
                <![CDATA[3737]]>
              </value>
            </param>
            <param index="4">
              <value>
                <![CDATA[733]]>
              </value>
            </param>
            <param index="5">
              <value>
                <![CDATA[yes]]>
              </value>
            </param>
            <param index="6">
              <value is-null="true"/>
            </param>
            <param index="7">
              <value is-null="true"/>
            </param>
            <param index="8">
              <value is-null="true"/>
            </param>
            <param index="9">
              <value is-null="true"/>
            </param>
            <param index="10">
              <value is-null="true"/>
            </param>
          </params>
          <reporter-output>
          </reporter-output>
        </test-method> <!-- updateValue -->
        <test-method signature="updateValue(java.lang.String,java.lang.String,java.lang.String,java.lang.String,java.lang.String,java.lang.String,java.lang.String,java.lang.String,java.lang.String,java.lang.String,java.lang.String)[pri:0, instance:cancelAPI.UpdateAPI@66f57048]" started-at="2023-01-30T17:48:01 IST" name="updateValue" data-provider="updatexlsxdata" finished-at="2023-01-30T17:48:02 IST" duration-ms="1367" status="PASS">
          <params>
            <param index="0">
              <value>
                <![CDATA[BIZ-MOB-101-27EC-33545432]]>
              </value>
            </param>
            <param index="1">
              <value>
                <![CDATA[145]]>
              </value>
            </param>
            <param index="2">
              <value>
                <![CDATA[6379373]]>
              </value>
            </param>
            <param index="3">
              <value>
                <![CDATA[3873]]>
              </value>
            </param>
            <param index="4">
              <value>
                <![CDATA[373783378]]>
              </value>
            </param>
            <param index="5">
              <value is-null="true"/>
            </param>
            <param index="6">
              <value>
                <![CDATA[no]]>
              </value>
            </param>
            <param index="7">
              <value is-null="true"/>
            </param>
            <param index="8">
              <value>
                <![CDATA[no]]>
              </value>
            </param>
            <param index="9">
              <value is-null="true"/>
            </param>
            <param index="10">
              <value>
                <![CDATA[no]]>
              </value>
            </param>
          </params>
          <reporter-output>
          </reporter-output>
        </test-method> <!-- updateValue -->
        <test-method signature="updateValue(java.lang.String,java.lang.String,java.lang.String,java.lang.String,java.lang.String,java.lang.String,java.lang.String,java.lang.String,java.lang.String,java.lang.String,java.lang.String)[pri:0, instance:cancelAPI.UpdateAPI@66f57048]" started-at="2023-01-30T17:48:02 IST" name="updateValue" data-provider="updatexlsxdata" finished-at="2023-01-30T17:48:03 IST" duration-ms="1085" status="PASS">
          <params>
            <param index="0">
              <value>
                <![CDATA[PLS-SPM-101-7C51-34065130]]>
              </value>
            </param>
            <param index="1">
              <value is-null="true"/>
            </param>
            <param index="2">
              <value is-null="true"/>
            </param>
            <param index="3">
              <value>
                <![CDATA[282]]>
              </value>
            </param>
            <param index="4">
              <value is-null="true"/>
            </param>
            <param index="5">
              <value>
                <![CDATA[no]]>
              </value>
            </param>
            <param index="6">
              <value is-null="true"/>
            </param>
            <param index="7">
              <value is-null="true"/>
            </param>
            <param index="8">
              <value is-null="true"/>
            </param>
            <param index="9">
              <value is-null="true"/>
            </param>
            <param index="10">
              <value>
                <![CDATA[yes]]>
              </value>
            </param>
          </params>
          <reporter-output>
          </reporter-output>
        </test-method> <!-- updateValue -->
        <test-method signature="updateValue(java.lang.String,java.lang.String,java.lang.String,java.lang.String,java.lang.String,java.lang.String,java.lang.String,java.lang.String,java.lang.String,java.lang.String,java.lang.String)[pri:0, instance:cancelAPI.UpdateAPI@66f57048]" started-at="2023-01-30T17:48:03 IST" name="updateValue" data-provider="updatexlsxdata" finished-at="2023-01-30T17:48:04 IST" duration-ms="1103" status="PASS">
          <params>
            <param index="0">
              <value>
                <![CDATA[TCQ-MOB-101-E034-34084729]]>
              </value>
            </param>
            <param index="1">
              <value>
                <![CDATA[554]]>
              </value>
            </param>
            <param index="2">
              <value>
                <![CDATA[772]]>
              </value>
            </param>
            <param index="3">
              <value is-null="true"/>
            </param>
            <param index="4">
              <value>
                <![CDATA[2783]]>
              </value>
            </param>
            <param index="5">
              <value>
                <![CDATA[yes]]>
              </value>
            </param>
            <param index="6">
              <value is-null="true"/>
            </param>
            <param index="7">
              <value is-null="true"/>
            </param>
            <param index="8">
              <value>
                <![CDATA[yes]]>
              </value>
            </param>
            <param index="9">
              <value is-null="true"/>
            </param>
            <param index="10">
              <value is-null="true"/>
            </param>
          </params>
          <reporter-output>
          </reporter-output>
        </test-method> <!-- updateValue -->
      </class> <!-- cancelAPI.UpdateAPI -->
    </test> <!-- Default test -->
  </suite> <!-- Default suite -->
</testng-results>
